Command line invocation:
    /Applications/Xcode-beta.app/Contents/Developer/usr/bin/xcodebuild test -scheme PlannerApp "-only-testing:PlannerAppTests/TaskDataManagerTests/testGetTaskStatistics" -destination platform=macOS -parallel-testing-enabled NO

--- xcodebuild: WARNING: Using the first of multiple matching destinations:
{ platform:macOS, arch:arm64, id:00006000-001649660AE2801E, name:My Mac }
{ platform:macOS, arch:x86_64, id:00006000-001649660AE2801E, name:My Mac }
ComputePackagePrebuildTargetDependencyGraph

Prepare packages

CreateBuildRequest

SendProjectDescription

CreateBuildOperation

ComputeTargetDependencyGraph
note: Building targets in dependency order
note: Target dependency graph (3 targets)
    Target 'PlannerAppUITests' in project 'PlannerApp'
        ➜ Explicit dependency on target 'PlannerApp' in project 'PlannerApp'
    Target 'PlannerAppTests' in project 'PlannerApp'
        ➜ Explicit dependency on target 'PlannerApp' in project 'PlannerApp'
    Target 'PlannerApp' in project 'PlannerApp' (no dependencies)

GatherProvisioningInputs

CreateBuildDescription

ExecuteExternalTool /Applications/Xcode-beta.app/Contents/Developer/usr/bin/actool --version --output-format xml1

ExecuteExternalTool /Applications/Xcode-beta.app/Contents/Developer/Toolchains/XcodeDefault.xctoolchain/usr/bin/clang -v -E -dM -isysroot /Applications/Xcode-beta.app/Contents/Developer/Platforms/MacOSX.platform/Developer/SDKs/MacOSX26.2.sdk -x c -c /dev/null

ExecuteExternalTool /Applications/Xcode-beta.app/Contents/Developer/Toolchains/XcodeDefault.xctoolchain/usr/bin/swiftc --version

ExecuteExternalTool /Applications/Xcode-beta.app/Contents/Developer/Toolchains/XcodeDefault.xctoolchain/usr/bin/ld -version_details

Build description signature: 1fa485abd61950491f2b62b5b2ede1d2
Build description path: /Users/danielstevens/Library/Developer/Xcode/DerivedData/PlannerApp-dhlbsiwrfghgbvcdotpxyeurydso/Build/Intermediates.noindex/XCBuildData/1fa485abd61950491f2b62b5b2ede1d2.xcbuilddata
ClangStatCache /Applications/Xcode-beta.app/Contents/Developer/Toolchains/XcodeDefault.xctoolchain/usr/bin/clang-stat-cache /Applications/Xcode-beta.app/Contents/Developer/Platforms/MacOSX.platform/Developer/SDKs/MacOSX26.2.sdk /Users/danielstevens/Library/Developer/Xcode/DerivedData/SDKStatCaches.noindex/macosx26.2-25C5031g-28ca432d5676da3146507086b13d17f8.sdkstatcache
    cd /Users/danielstevens/Desktop/github-projects/tools-automation/PlannerApp/PlannerApp.xcodeproj
    /Applications/Xcode-beta.app/Contents/Developer/Toolchains/XcodeDefault.xctoolchain/usr/bin/clang-stat-cache /Applications/Xcode-beta.app/Contents/Developer/Platforms/MacOSX.platform/Developer/SDKs/MacOSX26.2.sdk -o /Users/danielstevens/Library/Developer/Xcode/DerivedData/SDKStatCaches.noindex/macosx26.2-25C5031g-28ca432d5676da3146507086b13d17f8.sdkstatcache

CopySwiftLibs /Users/danielstevens/Library/Developer/Xcode/DerivedData/PlannerApp-dhlbsiwrfghgbvcdotpxyeurydso/Build/Products/Debug/PlannerApp.app (in target 'PlannerApp' from project 'PlannerApp')
    cd /Users/danielstevens/Desktop/github-projects/tools-automation/PlannerApp
    builtin-swiftStdLibTool --copy --verbose --sign C8FE4D15A7DE881CE3CCAEC52B7CC5E2DC30C6C1 --scan-executable /Users/danielstevens/Library/Developer/Xcode/DerivedData/PlannerApp-dhlbsiwrfghgbvcdotpxyeurydso/Build/Products/Debug/PlannerApp.app/Contents/MacOS/PlannerApp.debug.dylib --scan-folder /Users/danielstevens/Library/Developer/Xcode/DerivedData/PlannerApp-dhlbsiwrfghgbvcdotpxyeurydso/Build/Products/Debug/PlannerApp.app/Contents/Frameworks --scan-folder /Users/danielstevens/Library/Developer/Xcode/DerivedData/PlannerApp-dhlbsiwrfghgbvcdotpxyeurydso/Build/Products/Debug/PlannerApp.app/Contents/PlugIns --scan-folder /Users/danielstevens/Library/Developer/Xcode/DerivedData/PlannerApp-dhlbsiwrfghgbvcdotpxyeurydso/Build/Products/Debug/PlannerApp.app/Contents/Library/SystemExtensions --scan-folder /Users/danielstevens/Library/Developer/Xcode/DerivedData/PlannerApp-dhlbsiwrfghgbvcdotpxyeurydso/Build/Products/Debug/PlannerApp.app/Contents/Extensions --platform macosx --toolchain /Applications/Xcode-beta.app/Contents/Developer/Toolchains/XcodeDefault.xctoolchain --destination /Users/danielstevens/Library/Developer/Xcode/DerivedData/PlannerApp-dhlbsiwrfghgbvcdotpxyeurydso/Build/Products/Debug/PlannerApp.app/Contents/Frameworks --strip-bitcode --strip-bitcode-tool /Applications/Xcode-beta.app/Contents/Developer/Toolchains/XcodeDefault.xctoolchain/usr/bin/bitcode_strip --emit-dependency-info /Users/danielstevens/Library/Developer/Xcode/DerivedData/PlannerApp-dhlbsiwrfghgbvcdotpxyeurydso/Build/Intermediates.noindex/PlannerApp.build/Debug/PlannerApp.build/SwiftStdLibToolInputDependencies.dep --filter-for-swift-os

SwiftDriver PlannerAppTests normal arm64 com.apple.xcode.tools.swift.compiler (in target 'PlannerAppTests' from project 'PlannerApp')
    cd /Users/danielstevens/Desktop/github-projects/tools-automation/PlannerApp
    builtin-SwiftDriver -- /Applications/Xcode-beta.app/Contents/Developer/Toolchains/XcodeDefault.xctoolchain/usr/bin/swiftc -module-name PlannerAppTests -Onone -enforce-exclusivity\=checked @/Users/danielstevens/Library/Developer/Xcode/DerivedData/PlannerApp-dhlbsiwrfghgbvcdotpxyeurydso/Build/Intermediates.noindex/PlannerApp.build/Debug/PlannerAppTests.build/Objects-normal/arm64/PlannerAppTests.SwiftFileList -DDEBUG -plugin-path /Applications/Xcode-beta.app/Contents/Developer/Toolchains/XcodeDefault.xctoolchain/usr/lib/swift/host/plugins/testing -enable-bare-slash-regex -enable-experimental-feature DebugDescriptionMacro -sdk /Applications/Xcode-beta.app/Contents/Developer/Platforms/MacOSX.platform/Developer/SDKs/MacOSX26.2.sdk -target arm64-apple-macos26.2 -g -module-cache-path /Users/danielstevens/Library/Developer/Xcode/DerivedData/ModuleCache.noindex -Xfrontend -serialize-debugging-options -profile-coverage-mapping -profile-generate -enable-testing -index-store-path /Users/danielstevens/Library/Developer/Xcode/DerivedData/PlannerApp-dhlbsiwrfghgbvcdotpxyeurydso/Index.noindex/DataStore -Xcc -D_LIBCPP_HARDENING_MODE\=_LIBCPP_HARDENING_MODE_DEBUG -swift-version 5 -I /Users/danielstevens/Library/Developer/Xcode/DerivedData/PlannerApp-dhlbsiwrfghgbvcdotpxyeurydso/Build/Products/Debug -Isystem /Applications/Xcode-beta.app/Contents/Developer/Platforms/MacOSX.platform/Developer/usr/lib -F /Users/danielstevens/Library/Developer/Xcode/DerivedData/PlannerApp-dhlbsiwrfghgbvcdotpxyeurydso/Build/Products/Debug -F /Applications/Xcode-beta.app/Contents/Developer/Platforms/MacOSX.platform/Developer/Library/Frameworks -c -j10 -enable-batch-mode -incremental -Xcc -ivfsstatcache -Xcc /Users/danielstevens/Library/Developer/Xcode/DerivedData/SDKStatCaches.noindex/macosx26.2-25C5031g-28ca432d5676da3146507086b13d17f8.sdkstatcache -output-file-map /Users/danielstevens/Library/Developer/Xcode/DerivedData/PlannerApp-dhlbsiwrfghgbvcdotpxyeurydso/Build/Intermediates.noindex/PlannerApp.build/Debug/PlannerAppTests.build/Objects-normal/arm64/PlannerAppTests-OutputFileMap.json -use-frontend-parseable-output -save-temps -no-color-diagnostics -explicit-module-build -module-cache-path /Users/danielstevens/Library/Developer/Xcode/DerivedData/PlannerApp-dhlbsiwrfghgbvcdotpxyeurydso/Build/Intermediates.noindex/SwiftExplicitPrecompiledModules -clang-scanner-module-cache-path /Users/danielstevens/Library/Developer/Xcode/DerivedData/ModuleCache.noindex -sdk-module-cache-path /Users/danielstevens/Library/Developer/Xcode/DerivedData/ModuleCache.noindex -serialize-diagnostics -emit-dependencies -emit-module -emit-module-path /Users/danielstevens/Library/Developer/Xcode/DerivedData/PlannerApp-dhlbsiwrfghgbvcdotpxyeurydso/Build/Intermediates.noindex/PlannerApp.build/Debug/PlannerAppTests.build/Objects-normal/arm64/PlannerAppTests.swiftmodule -validate-clang-modules-once -clang-build-session-file /Users/danielstevens/Library/Developer/Xcode/DerivedData/ModuleCache.noindex/Session.modulevalidation -Xcc -I/Users/danielstevens/Library/Developer/Xcode/DerivedData/PlannerApp-dhlbsiwrfghgbvcdotpxyeurydso/Build/Intermediates.noindex/PlannerApp.build/Debug/PlannerAppTests.build/swift-overrides.hmap -emit-const-values -Xfrontend -const-gather-protocols-file -Xfrontend /Users/danielstevens/Library/Developer/Xcode/DerivedData/PlannerApp-dhlbsiwrfghgbvcdotpxyeurydso/Build/Intermediates.noindex/PlannerApp.build/Debug/PlannerAppTests.build/Objects-normal/arm64/PlannerAppTests_const_extract_protocols.json -Xcc -iquote -Xcc /Users/danielstevens/Library/Developer/Xcode/DerivedData/PlannerApp-dhlbsiwrfghgbvcdotpxyeurydso/Build/Intermediates.noindex/PlannerApp.build/Debug/PlannerAppTests.build/PlannerAppTests-generated-files.hmap -Xcc -I/Users/danielstevens/Library/Developer/Xcode/DerivedData/PlannerApp-dhlbsiwrfghgbvcdotpxyeurydso/Build/Intermediates.noindex/PlannerApp.build/Debug/PlannerAppTests.build/PlannerAppTests-own-target-headers.hmap -Xcc -I/Users/danielstevens/Library/Developer/Xcode/DerivedData/PlannerApp-dhlbsiwrfghgbvcdotpxyeurydso/Build/Intermediates.noindex/PlannerApp.build/Debug/PlannerAppTests.build/PlannerAppTests-all-target-headers.hmap -Xcc -iquote -Xcc /Users/danielstevens/Library/Developer/Xcode/DerivedData/PlannerApp-dhlbsiwrfghgbvcdotpxyeurydso/Build/Intermediates.noindex/PlannerApp.build/Debug/PlannerAppTests.build/PlannerAppTests-project-headers.hmap -Xcc -I/Users/danielstevens/Library/Developer/Xcode/DerivedData/PlannerApp-dhlbsiwrfghgbvcdotpxyeurydso/Build/Products/Debug/include -Xcc -I/Users/danielstevens/Library/Developer/Xcode/DerivedData/PlannerApp-dhlbsiwrfghgbvcdotpxyeurydso/Build/Intermediates.noindex/PlannerApp.build/Debug/PlannerAppTests.build/DerivedSources-normal/arm64 -Xcc -I/Users/danielstevens/Library/Developer/Xcode/DerivedData/PlannerApp-dhlbsiwrfghgbvcdotpxyeurydso/Build/Intermediates.noindex/PlannerApp.build/Debug/PlannerAppTests.build/DerivedSources/arm64 -Xcc -I/Users/danielstevens/Library/Developer/Xcode/DerivedData/PlannerApp-dhlbsiwrfghgbvcdotpxyeurydso/Build/Intermediates.noindex/PlannerApp.build/Debug/PlannerAppTests.build/DerivedSources -Xcc -DDEBUG\=1 -emit-objc-header -emit-objc-header-path /Users/danielstevens/Library/Developer/Xcode/DerivedData/PlannerApp-dhlbsiwrfghgbvcdotpxyeurydso/Build/Intermediates.noindex/PlannerApp.build/Debug/PlannerAppTests.build/Objects-normal/arm64/PlannerAppTests-Swift.h -working-directory /Users/danielstevens/Desktop/github-projects/tools-automation/PlannerApp -experimental-emit-module-separately -disable-cmo

ProcessInfoPlistFile /Users/danielstevens/Library/Developer/Xcode/DerivedData/PlannerApp-dhlbsiwrfghgbvcdotpxyeurydso/Build/Products/Debug/PlannerApp.app/Contents/Info.plist /Users/danielstevens/Library/Developer/Xcode/DerivedData/PlannerApp-dhlbsiwrfghgbvcdotpxyeurydso/Build/Intermediates.noindex/PlannerApp.build/Debug/PlannerApp.build/empty-PlannerApp.plist (in target 'PlannerApp' from project 'PlannerApp')
    cd /Users/danielstevens/Desktop/github-projects/tools-automation/PlannerApp
    builtin-infoPlistUtility /Users/danielstevens/Library/Developer/Xcode/DerivedData/PlannerApp-dhlbsiwrfghgbvcdotpxyeurydso/Build/Intermediates.noindex/PlannerApp.build/Debug/PlannerApp.build/empty-PlannerApp.plist -producttype com.apple.product-type.application -genpkginfo /Users/danielstevens/Library/Developer/Xcode/DerivedData/PlannerApp-dhlbsiwrfghgbvcdotpxyeurydso/Build/Products/Debug/PlannerApp.app/Contents/PkgInfo -expandbuildsettings -platform macosx -additionalcontentfile /Users/danielstevens/Library/Developer/Xcode/DerivedData/PlannerApp-dhlbsiwrfghgbvcdotpxyeurydso/Build/Intermediates.noindex/PlannerApp.build/Debug/PlannerApp.build/assetcatalog_generated_info.plist -o /Users/danielstevens/Library/Developer/Xcode/DerivedData/PlannerApp-dhlbsiwrfghgbvcdotpxyeurydso/Build/Products/Debug/PlannerApp.app/Contents/Info.plist

SwiftEmitModule normal arm64 Emitting\ module\ for\ PlannerAppTests (in target 'PlannerAppTests' from project 'PlannerApp')

EmitSwiftModule normal arm64 (in target 'PlannerAppTests' from project 'PlannerApp')
    cd /Users/danielstevens/Desktop/github-projects/tools-automation/PlannerApp
    

SwiftCompile normal arm64 Compiling\ TaskDataManagerTests.swift /Users/danielstevens/Desktop/github-projects/tools-automation/PlannerApp/PlannerAppTests/TaskDataManagerTests.swift (in target 'PlannerAppTests' from project 'PlannerApp')
SwiftCompile normal arm64 /Users/danielstevens/Desktop/github-projects/tools-automation/PlannerApp/PlannerAppTests/TaskDataManagerTests.swift (in target 'PlannerAppTests' from project 'PlannerApp')
    cd /Users/danielstevens/Desktop/github-projects/tools-automation/PlannerApp
    
/Users/danielstevens/Desktop/github-projects/tools-automation/PlannerApp/PlannerAppTests/TaskDataManagerTests.swift:236:68: warning: string interpolation produces a debug description for an optional value; did you mean to make this explicit?
        print("DEBUG TASKS: \(manager.load().map { "\($0.title): \($0.dueDate), completed: \($0.isCompleted)" })")
                                                                   ^~~~~~~~~~
/Users/danielstevens/Desktop/github-projects/tools-automation/PlannerApp/PlannerAppTests/TaskDataManagerTests.swift:236:71: note: use a default value parameter to avoid this warning
        print("DEBUG TASKS: \(manager.load().map { "\($0.title): \($0.dueDate), completed: \($0.isCompleted)" })")
                                                                   ~~~^~~~~~~
                                                                             , default: <#default value#>
/Users/danielstevens/Desktop/github-projects/tools-automation/PlannerApp/PlannerAppTests/TaskDataManagerTests.swift:236:71: note: provide a default value to avoid this warning
        print("DEBUG TASKS: \(manager.load().map { "\($0.title): \($0.dueDate), completed: \($0.isCompleted)" })")
                                                                   ~~~^~~~~~~
                                                                              ?? <#default value#>
/Users/danielstevens/Desktop/github-projects/tools-automation/PlannerApp/PlannerAppTests/TaskDataManagerTests.swift:236:71: note: use 'String(describing:)' to silence this warning
        print("DEBUG TASKS: \(manager.load().map { "\($0.title): \($0.dueDate), completed: \($0.isCompleted)" })")
                                                                   ~~~^~~~~~~
                                                                   String(describing:  )
/Users/danielstevens/Desktop/github-projects/tools-automation/PlannerApp/PlannerAppTests/TaskDataManagerTests.swift:226:13: warning: initialization of immutable value 'tomorrow' was never used; consider replacing with assignment to '_' or removing it
        let tomorrow = Calendar.current.date(byAdding: .day, value: 1, to: today)!
        ~~~~^~~~~~~~
        _

SwiftDriverJobDiscovery normal arm64 Compiling TaskDataManagerTests.swift (in target 'PlannerAppTests' from project 'PlannerApp')

SwiftDriver\ Compilation PlannerAppTests normal arm64 com.apple.xcode.tools.swift.compiler (in target 'PlannerAppTests' from project 'PlannerApp')
    cd /Users/danielstevens/Desktop/github-projects/tools-automation/PlannerApp
    builtin-Swift-Compilation -- /Applications/Xcode-beta.app/Contents/Developer/Toolchains/XcodeDefault.xctoolchain/usr/bin/swiftc -module-name PlannerAppTests -Onone -enforce-exclusivity\=checked @/Users/danielstevens/Library/Developer/Xcode/DerivedData/PlannerApp-dhlbsiwrfghgbvcdotpxyeurydso/Build/Intermediates.noindex/PlannerApp.build/Debug/PlannerAppTests.build/Objects-normal/arm64/PlannerAppTests.SwiftFileList -DDEBUG -plugin-path /Applications/Xcode-beta.app/Contents/Developer/Toolchains/XcodeDefault.xctoolchain/usr/lib/swift/host/plugins/testing -enable-bare-slash-regex -enable-experimental-feature DebugDescriptionMacro -sdk /Applications/Xcode-beta.app/Contents/Developer/Platforms/MacOSX.platform/Developer/SDKs/MacOSX26.2.sdk -target arm64-apple-macos26.2 -g -module-cache-path /Users/danielstevens/Library/Developer/Xcode/DerivedData/ModuleCache.noindex -Xfrontend -serialize-debugging-options -profile-coverage-mapping -profile-generate -enable-testing -index-store-path /Users/danielstevens/Library/Developer/Xcode/DerivedData/PlannerApp-dhlbsiwrfghgbvcdotpxyeurydso/Index.noindex/DataStore -Xcc -D_LIBCPP_HARDENING_MODE\=_LIBCPP_HARDENING_MODE_DEBUG -swift-version 5 -I /Users/danielstevens/Library/Developer/Xcode/DerivedData/PlannerApp-dhlbsiwrfghgbvcdotpxyeurydso/Build/Products/Debug -Isystem /Applications/Xcode-beta.app/Contents/Developer/Platforms/MacOSX.platform/Developer/usr/lib -F /Users/danielstevens/Library/Developer/Xcode/DerivedData/PlannerApp-dhlbsiwrfghgbvcdotpxyeurydso/Build/Products/Debug -F /Applications/Xcode-beta.app/Contents/Developer/Platforms/MacOSX.platform/Developer/Library/Frameworks -c -j10 -enable-batch-mode -incremental -Xcc -ivfsstatcache -Xcc /Users/danielstevens/Library/Developer/Xcode/DerivedData/SDKStatCaches.noindex/macosx26.2-25C5031g-28ca432d5676da3146507086b13d17f8.sdkstatcache -output-file-map /Users/danielstevens/Library/Developer/Xcode/DerivedData/PlannerApp-dhlbsiwrfghgbvcdotpxyeurydso/Build/Intermediates.noindex/PlannerApp.build/Debug/PlannerAppTests.build/Objects-normal/arm64/PlannerAppTests-OutputFileMap.json -use-frontend-parseable-output -save-temps -no-color-diagnostics -explicit-module-build -module-cache-path /Users/danielstevens/Library/Developer/Xcode/DerivedData/PlannerApp-dhlbsiwrfghgbvcdotpxyeurydso/Build/Intermediates.noindex/SwiftExplicitPrecompiledModules -clang-scanner-module-cache-path /Users/danielstevens/Library/Developer/Xcode/DerivedData/ModuleCache.noindex -sdk-module-cache-path /Users/danielstevens/Library/Developer/Xcode/DerivedData/ModuleCache.noindex -serialize-diagnostics -emit-dependencies -emit-module -emit-module-path /Users/danielstevens/Library/Developer/Xcode/DerivedData/PlannerApp-dhlbsiwrfghgbvcdotpxyeurydso/Build/Intermediates.noindex/PlannerApp.build/Debug/PlannerAppTests.build/Objects-normal/arm64/PlannerAppTests.swiftmodule -validate-clang-modules-once -clang-build-session-file /Users/danielstevens/Library/Developer/Xcode/DerivedData/ModuleCache.noindex/Session.modulevalidation -Xcc -I/Users/danielstevens/Library/Developer/Xcode/DerivedData/PlannerApp-dhlbsiwrfghgbvcdotpxyeurydso/Build/Intermediates.noindex/PlannerApp.build/Debug/PlannerAppTests.build/swift-overrides.hmap -emit-const-values -Xfrontend -const-gather-protocols-file -Xfrontend /Users/danielstevens/Library/Developer/Xcode/DerivedData/PlannerApp-dhlbsiwrfghgbvcdotpxyeurydso/Build/Intermediates.noindex/PlannerApp.build/Debug/PlannerAppTests.build/Objects-normal/arm64/PlannerAppTests_const_extract_protocols.json -Xcc -iquote -Xcc /Users/danielstevens/Library/Developer/Xcode/DerivedData/PlannerApp-dhlbsiwrfghgbvcdotpxyeurydso/Build/Intermediates.noindex/PlannerApp.build/Debug/PlannerAppTests.build/PlannerAppTests-generated-files.hmap -Xcc -I/Users/danielstevens/Library/Developer/Xcode/DerivedData/PlannerApp-dhlbsiwrfghgbvcdotpxyeurydso/Build/Intermediates.noindex/PlannerApp.build/Debug/PlannerAppTests.build/PlannerAppTests-own-target-headers.hmap -Xcc -I/Users/danielstevens/Library/Developer/Xcode/DerivedData/PlannerApp-dhlbsiwrfghgbvcdotpxyeurydso/Build/Intermediates.noindex/PlannerApp.build/Debug/PlannerAppTests.build/PlannerAppTests-all-target-headers.hmap -Xcc -iquote -Xcc /Users/danielstevens/Library/Developer/Xcode/DerivedData/PlannerApp-dhlbsiwrfghgbvcdotpxyeurydso/Build/Intermediates.noindex/PlannerApp.build/Debug/PlannerAppTests.build/PlannerAppTests-project-headers.hmap -Xcc -I/Users/danielstevens/Library/Developer/Xcode/DerivedData/PlannerApp-dhlbsiwrfghgbvcdotpxyeurydso/Build/Products/Debug/include -Xcc -I/Users/danielstevens/Library/Developer/Xcode/DerivedData/PlannerApp-dhlbsiwrfghgbvcdotpxyeurydso/Build/Intermediates.noindex/PlannerApp.build/Debug/PlannerAppTests.build/DerivedSources-normal/arm64 -Xcc -I/Users/danielstevens/Library/Developer/Xcode/DerivedData/PlannerApp-dhlbsiwrfghgbvcdotpxyeurydso/Build/Intermediates.noindex/PlannerApp.build/Debug/PlannerAppTests.build/DerivedSources/arm64 -Xcc -I/Users/danielstevens/Library/Developer/Xcode/DerivedData/PlannerApp-dhlbsiwrfghgbvcdotpxyeurydso/Build/Intermediates.noindex/PlannerApp.build/Debug/PlannerAppTests.build/DerivedSources -Xcc -DDEBUG\=1 -emit-objc-header -emit-objc-header-path /Users/danielstevens/Library/Developer/Xcode/DerivedData/PlannerApp-dhlbsiwrfghgbvcdotpxyeurydso/Build/Intermediates.noindex/PlannerApp.build/Debug/PlannerAppTests.build/Objects-normal/arm64/PlannerAppTests-Swift.h -working-directory /Users/danielstevens/Desktop/github-projects/tools-automation/PlannerApp -experimental-emit-module-separately -disable-cmo

SwiftDriverJobDiscovery normal arm64 Emitting module for PlannerAppTests (in target 'PlannerAppTests' from project 'PlannerApp')

SwiftDriver\ Compilation\ Requirements PlannerAppTests normal arm64 com.apple.xcode.tools.swift.compiler (in target 'PlannerAppTests' from project 'PlannerApp')
    cd /Users/danielstevens/Desktop/github-projects/tools-automation/PlannerApp
    builtin-Swift-Compilation-Requirements -- /Applications/Xcode-beta.app/Contents/Developer/Toolchains/XcodeDefault.xctoolchain/usr/bin/swiftc -module-name PlannerAppTests -Onone -enforce-exclusivity\=checked @/Users/danielstevens/Library/Developer/Xcode/DerivedData/PlannerApp-dhlbsiwrfghgbvcdotpxyeurydso/Build/Intermediates.noindex/PlannerApp.build/Debug/PlannerAppTests.build/Objects-normal/arm64/PlannerAppTests.SwiftFileList -DDEBUG -plugin-path /Applications/Xcode-beta.app/Contents/Developer/Toolchains/XcodeDefault.xctoolchain/usr/lib/swift/host/plugins/testing -enable-bare-slash-regex -enable-experimental-feature DebugDescriptionMacro -sdk /Applications/Xcode-beta.app/Contents/Developer/Platforms/MacOSX.platform/Developer/SDKs/MacOSX26.2.sdk -target arm64-apple-macos26.2 -g -module-cache-path /Users/danielstevens/Library/Developer/Xcode/DerivedData/ModuleCache.noindex -Xfrontend -serialize-debugging-options -profile-coverage-mapping -profile-generate -enable-testing -index-store-path /Users/danielstevens/Library/Developer/Xcode/DerivedData/PlannerApp-dhlbsiwrfghgbvcdotpxyeurydso/Index.noindex/DataStore -Xcc -D_LIBCPP_HARDENING_MODE\=_LIBCPP_HARDENING_MODE_DEBUG -swift-version 5 -I /Users/danielstevens/Library/Developer/Xcode/DerivedData/PlannerApp-dhlbsiwrfghgbvcdotpxyeurydso/Build/Products/Debug -Isystem /Applications/Xcode-beta.app/Contents/Developer/Platforms/MacOSX.platform/Developer/usr/lib -F /Users/danielstevens/Library/Developer/Xcode/DerivedData/PlannerApp-dhlbsiwrfghgbvcdotpxyeurydso/Build/Products/Debug -F /Applications/Xcode-beta.app/Contents/Developer/Platforms/MacOSX.platform/Developer/Library/Frameworks -c -j10 -enable-batch-mode -incremental -Xcc -ivfsstatcache -Xcc /Users/danielstevens/Library/Developer/Xcode/DerivedData/SDKStatCaches.noindex/macosx26.2-25C5031g-28ca432d5676da3146507086b13d17f8.sdkstatcache -output-file-map /Users/danielstevens/Library/Developer/Xcode/DerivedData/PlannerApp-dhlbsiwrfghgbvcdotpxyeurydso/Build/Intermediates.noindex/PlannerApp.build/Debug/PlannerAppTests.build/Objects-normal/arm64/PlannerAppTests-OutputFileMap.json -use-frontend-parseable-output -save-temps -no-color-diagnostics -explicit-module-build -module-cache-path /Users/danielstevens/Library/Developer/Xcode/DerivedData/PlannerApp-dhlbsiwrfghgbvcdotpxyeurydso/Build/Intermediates.noindex/SwiftExplicitPrecompiledModules -clang-scanner-module-cache-path /Users/danielstevens/Library/Developer/Xcode/DerivedData/ModuleCache.noindex -sdk-module-cache-path /Users/danielstevens/Library/Developer/Xcode/DerivedData/ModuleCache.noindex -serialize-diagnostics -emit-dependencies -emit-module -emit-module-path /Users/danielstevens/Library/Developer/Xcode/DerivedData/PlannerApp-dhlbsiwrfghgbvcdotpxyeurydso/Build/Intermediates.noindex/PlannerApp.build/Debug/PlannerAppTests.build/Objects-normal/arm64/PlannerAppTests.swiftmodule -validate-clang-modules-once -clang-build-session-file /Users/danielstevens/Library/Developer/Xcode/DerivedData/ModuleCache.noindex/Session.modulevalidation -Xcc -I/Users/danielstevens/Library/Developer/Xcode/DerivedData/PlannerApp-dhlbsiwrfghgbvcdotpxyeurydso/Build/Intermediates.noindex/PlannerApp.build/Debug/PlannerAppTests.build/swift-overrides.hmap -emit-const-values -Xfrontend -const-gather-protocols-file -Xfrontend /Users/danielstevens/Library/Developer/Xcode/DerivedData/PlannerApp-dhlbsiwrfghgbvcdotpxyeurydso/Build/Intermediates.noindex/PlannerApp.build/Debug/PlannerAppTests.build/Objects-normal/arm64/PlannerAppTests_const_extract_protocols.json -Xcc -iquote -Xcc /Users/danielstevens/Library/Developer/Xcode/DerivedData/PlannerApp-dhlbsiwrfghgbvcdotpxyeurydso/Build/Intermediates.noindex/PlannerApp.build/Debug/PlannerAppTests.build/PlannerAppTests-generated-files.hmap -Xcc -I/Users/danielstevens/Library/Developer/Xcode/DerivedData/PlannerApp-dhlbsiwrfghgbvcdotpxyeurydso/Build/Intermediates.noindex/PlannerApp.build/Debug/PlannerAppTests.build/PlannerAppTests-own-target-headers.hmap -Xcc -I/Users/danielstevens/Library/Developer/Xcode/DerivedData/PlannerApp-dhlbsiwrfghgbvcdotpxyeurydso/Build/Intermediates.noindex/PlannerApp.build/Debug/PlannerAppTests.build/PlannerAppTests-all-target-headers.hmap -Xcc -iquote -Xcc /Users/danielstevens/Library/Developer/Xcode/DerivedData/PlannerApp-dhlbsiwrfghgbvcdotpxyeurydso/Build/Intermediates.noindex/PlannerApp.build/Debug/PlannerAppTests.build/PlannerAppTests-project-headers.hmap -Xcc -I/Users/danielstevens/Library/Developer/Xcode/DerivedData/PlannerApp-dhlbsiwrfghgbvcdotpxyeurydso/Build/Products/Debug/include -Xcc -I/Users/danielstevens/Library/Developer/Xcode/DerivedData/PlannerApp-dhlbsiwrfghgbvcdotpxyeurydso/Build/Intermediates.noindex/PlannerApp.build/Debug/PlannerAppTests.build/DerivedSources-normal/arm64 -Xcc -I/Users/danielstevens/Library/Developer/Xcode/DerivedData/PlannerApp-dhlbsiwrfghgbvcdotpxyeurydso/Build/Intermediates.noindex/PlannerApp.build/Debug/PlannerAppTests.build/DerivedSources/arm64 -Xcc -I/Users/danielstevens/Library/Developer/Xcode/DerivedData/PlannerApp-dhlbsiwrfghgbvcdotpxyeurydso/Build/Intermediates.noindex/PlannerApp.build/Debug/PlannerAppTests.build/DerivedSources -Xcc -DDEBUG\=1 -emit-objc-header -emit-objc-header-path /Users/danielstevens/Library/Developer/Xcode/DerivedData/PlannerApp-dhlbsiwrfghgbvcdotpxyeurydso/Build/Intermediates.noindex/PlannerApp.build/Debug/PlannerAppTests.build/Objects-normal/arm64/PlannerAppTests-Swift.h -working-directory /Users/danielstevens/Desktop/github-projects/tools-automation/PlannerApp -experimental-emit-module-separately -disable-cmo

Copy /Users/danielstevens/Library/Developer/Xcode/DerivedData/PlannerApp-dhlbsiwrfghgbvcdotpxyeurydso/Build/Products/Debug/PlannerAppTests.swiftmodule/arm64-apple-macos.abi.json /Users/danielstevens/Library/Developer/Xcode/DerivedData/PlannerApp-dhlbsiwrfghgbvcdotpxyeurydso/Build/Intermediates.noindex/PlannerApp.build/Debug/PlannerAppTests.build/Objects-normal/arm64/PlannerAppTests.abi.json (in target 'PlannerAppTests' from project 'PlannerApp')
    cd /Users/danielstevens/Desktop/github-projects/tools-automation/PlannerApp
    builtin-copy -exclude .DS_Store -exclude CVS -exclude .svn -exclude .git -exclude .hg -resolve-src-symlinks -rename /Users/danielstevens/Library/Developer/Xcode/DerivedData/PlannerApp-dhlbsiwrfghgbvcdotpxyeurydso/Build/Intermediates.noindex/PlannerApp.build/Debug/PlannerAppTests.build/Objects-normal/arm64/PlannerAppTests.abi.json /Users/danielstevens/Library/Developer/Xcode/DerivedData/PlannerApp-dhlbsiwrfghgbvcdotpxyeurydso/Build/Products/Debug/PlannerAppTests.swiftmodule/arm64-apple-macos.abi.json

Copy /Users/danielstevens/Library/Developer/Xcode/DerivedData/PlannerApp-dhlbsiwrfghgbvcdotpxyeurydso/Build/Products/Debug/PlannerAppTests.swiftmodule/Project/arm64-apple-macos.swiftsourceinfo /Users/danielstevens/Library/Developer/Xcode/DerivedData/PlannerApp-dhlbsiwrfghgbvcdotpxyeurydso/Build/Intermediates.noindex/PlannerApp.build/Debug/PlannerAppTests.build/Objects-normal/arm64/PlannerAppTests.swiftsourceinfo (in target 'PlannerAppTests' from project 'PlannerApp')
    cd /Users/danielstevens/Desktop/github-projects/tools-automation/PlannerApp
    builtin-copy -exclude .DS_Store -exclude CVS -exclude .svn -exclude .git -exclude .hg -resolve-src-symlinks -rename /Users/danielstevens/Library/Developer/Xcode/DerivedData/PlannerApp-dhlbsiwrfghgbvcdotpxyeurydso/Build/Intermediates.noindex/PlannerApp.build/Debug/PlannerAppTests.build/Objects-normal/arm64/PlannerAppTests.swiftsourceinfo /Users/danielstevens/Library/Developer/Xcode/DerivedData/PlannerApp-dhlbsiwrfghgbvcdotpxyeurydso/Build/Products/Debug/PlannerAppTests.swiftmodule/Project/arm64-apple-macos.swiftsourceinfo

Ld /Users/danielstevens/Library/Developer/Xcode/DerivedData/PlannerApp-dhlbsiwrfghgbvcdotpxyeurydso/Build/Products/Debug/PlannerApp.app/Contents/PlugIns/PlannerAppTests.xctest/Contents/MacOS/PlannerAppTests normal (in target 'PlannerAppTests' from project 'PlannerApp')
    cd /Users/danielstevens/Desktop/github-projects/tools-automation/PlannerApp
    /Applications/Xcode-beta.app/Contents/Developer/Toolchains/XcodeDefault.xctoolchain/usr/bin/clang -Xlinker -reproducible -target arm64-apple-macos26.2 -bundle -isysroot /Applications/Xcode-beta.app/Contents/Developer/Platforms/MacOSX.platform/Developer/SDKs/MacOSX26.2.sdk -O0 -L/Users/danielstevens/Library/Developer/Xcode/DerivedData/PlannerApp-dhlbsiwrfghgbvcdotpxyeurydso/Build/Intermediates.noindex/EagerLinkingTBDs/Debug -L/Users/danielstevens/Library/Developer/Xcode/DerivedData/PlannerApp-dhlbsiwrfghgbvcdotpxyeurydso/Build/Products/Debug -L/Applications/Xcode-beta.app/Contents/Developer/Platforms/MacOSX.platform/Developer/usr/lib -F/Users/danielstevens/Library/Developer/Xcode/DerivedData/PlannerApp-dhlbsiwrfghgbvcdotpxyeurydso/Build/Intermediates.noindex/EagerLinkingTBDs/Debug -F/Users/danielstevens/Library/Developer/Xcode/DerivedData/PlannerApp-dhlbsiwrfghgbvcdotpxyeurydso/Build/Products/Debug -iframework /Applications/Xcode-beta.app/Contents/Developer/Platforms/MacOSX.platform/Developer/Library/Frameworks -filelist /Users/danielstevens/Library/Developer/Xcode/DerivedData/PlannerApp-dhlbsiwrfghgbvcdotpxyeurydso/Build/Intermediates.noindex/PlannerApp.build/Debug/PlannerAppTests.build/Objects-normal/arm64/PlannerAppTests.LinkFileList -Xlinker -rpath -Xlinker @loader_path/../Frameworks -Xlinker -rpath -Xlinker @executable_path/../Frameworks -bundle_loader /Users/danielstevens/Library/Developer/Xcode/DerivedData/PlannerApp-dhlbsiwrfghgbvcdotpxyeurydso/Build/Products/Debug/PlannerApp.app/Contents/MacOS/PlannerApp -Xlinker -object_path_lto -Xlinker /Users/danielstevens/Library/Developer/Xcode/DerivedData/PlannerApp-dhlbsiwrfghgbvcdotpxyeurydso/Build/Intermediates.noindex/PlannerApp.build/Debug/PlannerAppTests.build/Objects-normal/arm64/PlannerAppTests_lto.o -rdynamic -Xlinker -no_deduplicate -Xlinker -debug_variant -Xlinker -dependency_info -Xlinker /Users/danielstevens/Library/Developer/Xcode/DerivedData/PlannerApp-dhlbsiwrfghgbvcdotpxyeurydso/Build/Intermediates.noindex/PlannerApp.build/Debug/PlannerAppTests.build/Objects-normal/arm64/PlannerAppTests_dependency_info.dat -fobjc-link-runtime -fprofile-instr-generate -L/Applications/Xcode-beta.app/Contents/Developer/Toolchains/XcodeDefault.xctoolchain/usr/lib/swift/macosx -L/usr/lib/swift -Xlinker -add_ast_path -Xlinker /Users/danielstevens/Library/Developer/Xcode/DerivedData/PlannerApp-dhlbsiwrfghgbvcdotpxyeurydso/Build/Intermediates.noindex/PlannerApp.build/Debug/PlannerAppTests.build/Objects-normal/arm64/PlannerAppTests.swiftmodule @/Users/danielstevens/Library/Developer/Xcode/DerivedData/PlannerApp-dhlbsiwrfghgbvcdotpxyeurydso/Build/Intermediates.noindex/PlannerApp.build/Debug/PlannerAppTests.build/Objects-normal/arm64/PlannerAppTests-linker-args.resp -Xlinker -needed_framework -Xlinker XCTest -framework XCTest -Xlinker -needed-lXCTestSwiftSupport -lXCTestSwiftSupport /Users/danielstevens/Library/Developer/Xcode/DerivedData/PlannerApp-dhlbsiwrfghgbvcdotpxyeurydso/Build/Products/Debug/PlannerApp.app/Contents/MacOS/PlannerApp.debug.dylib -Xlinker -no_adhoc_codesign -o /Users/danielstevens/Library/Developer/Xcode/DerivedData/PlannerApp-dhlbsiwrfghgbvcdotpxyeurydso/Build/Products/Debug/PlannerApp.app/Contents/PlugIns/PlannerAppTests.xctest/Contents/MacOS/PlannerAppTests

ExtractAppIntentsMetadata (in target 'PlannerAppTests' from project 'PlannerApp')
    cd /Users/danielstevens/Desktop/github-projects/tools-automation/PlannerApp
    /Applications/Xcode-beta.app/Contents/Developer/Toolchains/XcodeDefault.xctoolchain/usr/bin/appintentsmetadataprocessor --toolchain-dir /Applications/Xcode-beta.app/Contents/Developer/Toolchains/XcodeDefault.xctoolchain --module-name PlannerAppTests --sdk-root /Applications/Xcode-beta.app/Contents/Developer/Platforms/MacOSX.platform/Developer/SDKs/MacOSX26.2.sdk --xcode-version 17C5013i --platform-family macOS --deployment-target 26.2 --bundle-identifier com.DanielStevens.PlannerAppTests --output /Users/danielstevens/Library/Developer/Xcode/DerivedData/PlannerApp-dhlbsiwrfghgbvcdotpxyeurydso/Build/Products/Debug/PlannerApp.app/Contents/PlugIns/PlannerAppTests.xctest/Contents/Resources --target-triple arm64-apple-macos26.2 --binary-file /Users/danielstevens/Library/Developer/Xcode/DerivedData/PlannerApp-dhlbsiwrfghgbvcdotpxyeurydso/Build/Products/Debug/PlannerApp.app/Contents/PlugIns/PlannerAppTests.xctest/Contents/MacOS/PlannerAppTests --dependency-file /Users/danielstevens/Library/Developer/Xcode/DerivedData/PlannerApp-dhlbsiwrfghgbvcdotpxyeurydso/Build/Intermediates.noindex/PlannerApp.build/Debug/PlannerAppTests.build/Objects-normal/arm64/PlannerAppTests_dependency_info.dat --stringsdata-file /Users/danielstevens/Library/Developer/Xcode/DerivedData/PlannerApp-dhlbsiwrfghgbvcdotpxyeurydso/Build/Intermediates.noindex/PlannerApp.build/Debug/PlannerAppTests.build/Objects-normal/arm64/ExtractedAppShortcutsMetadata.stringsdata --source-file-list /Users/danielstevens/Library/Developer/Xcode/DerivedData/PlannerApp-dhlbsiwrfghgbvcdotpxyeurydso/Build/Intermediates.noindex/PlannerApp.build/Debug/PlannerAppTests.build/Objects-normal/arm64/PlannerAppTests.SwiftFileList --metadata-file-list /Users/danielstevens/Library/Developer/Xcode/DerivedData/PlannerApp-dhlbsiwrfghgbvcdotpxyeurydso/Build/Intermediates.noindex/PlannerApp.build/Debug/PlannerAppTests.build/PlannerAppTests.DependencyMetadataFileList --static-metadata-file-list /Users/danielstevens/Library/Developer/Xcode/DerivedData/PlannerApp-dhlbsiwrfghgbvcdotpxyeurydso/Build/Intermediates.noindex/PlannerApp.build/Debug/PlannerAppTests.build/PlannerAppTests.DependencyStaticMetadataFileList --swift-const-vals-list /Users/danielstevens/Library/Developer/Xcode/DerivedData/PlannerApp-dhlbsiwrfghgbvcdotpxyeurydso/Build/Intermediates.noindex/PlannerApp.build/Debug/PlannerAppTests.build/Objects-normal/arm64/PlannerAppTests.SwiftConstValuesFileList --compile-time-extraction --deployment-aware-processing --validate-assistant-intents --no-app-shortcuts-localization
2025-12-02 14:24:57.384 appintentsmetadataprocessor[2514:3002115] Starting appintentsmetadataprocessor export
2025-12-02 14:24:57.386 appintentsmetadataprocessor[2514:3002115] warning: Metadata extraction skipped. No AppIntents.framework dependency found.

CopySwiftLibs /Users/danielstevens/Library/Developer/Xcode/DerivedData/PlannerApp-dhlbsiwrfghgbvcdotpxyeurydso/Build/Products/Debug/PlannerApp.app/Contents/PlugIns/PlannerAppTests.xctest (in target 'PlannerAppTests' from project 'PlannerApp')
    cd /Users/danielstevens/Desktop/github-projects/tools-automation/PlannerApp
    builtin-swiftStdLibTool --copy --verbose --sign C8FE4D15A7DE881CE3CCAEC52B7CC5E2DC30C6C1 --scan-executable /Users/danielstevens/Library/Developer/Xcode/DerivedData/PlannerApp-dhlbsiwrfghgbvcdotpxyeurydso/Build/Products/Debug/PlannerApp.app/Contents/PlugIns/PlannerAppTests.xctest/Contents/MacOS/PlannerAppTests --scan-folder /Users/danielstevens/Library/Developer/Xcode/DerivedData/PlannerApp-dhlbsiwrfghgbvcdotpxyeurydso/Build/Products/Debug/PlannerApp.app/Contents/PlugIns/PlannerAppTests.xctest/Contents/Frameworks --scan-folder /Users/danielstevens/Library/Developer/Xcode/DerivedData/PlannerApp-dhlbsiwrfghgbvcdotpxyeurydso/Build/Products/Debug/PlannerApp.app/Contents/PlugIns/PlannerAppTests.xctest/Contents/PlugIns --scan-folder /Users/danielstevens/Library/Developer/Xcode/DerivedData/PlannerApp-dhlbsiwrfghgbvcdotpxyeurydso/Build/Products/Debug/PlannerApp.app/Contents/PlugIns/PlannerAppTests.xctest/Contents/Library/SystemExtensions --scan-folder /Users/danielstevens/Library/Developer/Xcode/DerivedData/PlannerApp-dhlbsiwrfghgbvcdotpxyeurydso/Build/Products/Debug/PlannerApp.app/Contents/PlugIns/PlannerAppTests.xctest/Contents/Extensions --platform macosx --toolchain /Applications/Xcode-beta.app/Contents/Developer/Toolchains/XcodeDefault.xctoolchain --destination /Users/danielstevens/Library/Developer/Xcode/DerivedData/PlannerApp-dhlbsiwrfghgbvcdotpxyeurydso/Build/Products/Debug/PlannerApp.app/Contents/PlugIns/PlannerAppTests.xctest/Contents/Frameworks --strip-bitcode --scan-executable /Applications/Xcode-beta.app/Contents/Developer/Platforms/MacOSX.platform/Developer/usr/lib/libXCTestSwiftSupport.dylib --strip-bitcode-tool /Applications/Xcode-beta.app/Contents/Developer/Toolchains/XcodeDefault.xctoolchain/usr/bin/bitcode_strip --emit-dependency-info /Users/danielstevens/Library/Developer/Xcode/DerivedData/PlannerApp-dhlbsiwrfghgbvcdotpxyeurydso/Build/Intermediates.noindex/PlannerApp.build/Debug/PlannerAppTests.build/SwiftStdLibToolInputDependencies.dep --filter-for-swift-os

ProcessInfoPlistFile /Users/danielstevens/Library/Developer/Xcode/DerivedData/PlannerApp-dhlbsiwrfghgbvcdotpxyeurydso/Build/Products/Debug/PlannerApp.app/Contents/PlugIns/PlannerAppTests.xctest/Contents/Info.plist /Users/danielstevens/Library/Developer/Xcode/DerivedData/PlannerApp-dhlbsiwrfghgbvcdotpxyeurydso/Build/Intermediates.noindex/PlannerApp.build/Debug/PlannerAppTests.build/empty-PlannerAppTests.plist (in target 'PlannerAppTests' from project 'PlannerApp')
    cd /Users/danielstevens/Desktop/github-projects/tools-automation/PlannerApp
    builtin-infoPlistUtility /Users/danielstevens/Library/Developer/Xcode/DerivedData/PlannerApp-dhlbsiwrfghgbvcdotpxyeurydso/Build/Intermediates.noindex/PlannerApp.build/Debug/PlannerAppTests.build/empty-PlannerAppTests.plist -producttype com.apple.product-type.bundle.unit-test -expandbuildsettings -platform macosx -o /Users/danielstevens/Library/Developer/Xcode/DerivedData/PlannerApp-dhlbsiwrfghgbvcdotpxyeurydso/Build/Products/Debug/PlannerApp.app/Contents/PlugIns/PlannerAppTests.xctest/Contents/Info.plist

CodeSign /Users/danielstevens/Library/Developer/Xcode/DerivedData/PlannerApp-dhlbsiwrfghgbvcdotpxyeurydso/Build/Products/Debug/PlannerApp.app/Contents/PlugIns/PlannerAppTests.xctest (in target 'PlannerAppTests' from project 'PlannerApp')
    cd /Users/danielstevens/Desktop/github-projects/tools-automation/PlannerApp
    
    Signing Identity:     "Apple Development: dboone9@msn.com (72RDLR687H)"
    
    /usr/bin/codesign --force --sign C8FE4D15A7DE881CE3CCAEC52B7CC5E2DC30C6C1 --timestamp\=none --generate-entitlement-der /Users/danielstevens/Library/Developer/Xcode/DerivedData/PlannerApp-dhlbsiwrfghgbvcdotpxyeurydso/Build/Products/Debug/PlannerApp.app/Contents/PlugIns/PlannerAppTests.xctest

CodeSign /Users/danielstevens/Library/Developer/Xcode/DerivedData/PlannerApp-dhlbsiwrfghgbvcdotpxyeurydso/Build/Products/Debug/PlannerApp.app/Contents/MacOS/PlannerApp.debug.dylib (in target 'PlannerApp' from project 'PlannerApp')
    cd /Users/danielstevens/Desktop/github-projects/tools-automation/PlannerApp
    
    Signing Identity:     "Apple Development: dboone9@msn.com (72RDLR687H)"
    
    /usr/bin/codesign --force --sign C8FE4D15A7DE881CE3CCAEC52B7CC5E2DC30C6C1 -o runtime --timestamp\=none --generate-entitlement-der /Users/danielstevens/Library/Developer/Xcode/DerivedData/PlannerApp-dhlbsiwrfghgbvcdotpxyeurydso/Build/Products/Debug/PlannerApp.app/Contents/MacOS/PlannerApp.debug.dylib
/Users/danielstevens/Library/Developer/Xcode/DerivedData/PlannerApp-dhlbsiwrfghgbvcdotpxyeurydso/Build/Products/Debug/PlannerApp.app/Contents/MacOS/PlannerApp.debug.dylib: replacing existing signature

CodeSign /Users/danielstevens/Library/Developer/Xcode/DerivedData/PlannerApp-dhlbsiwrfghgbvcdotpxyeurydso/Build/Products/Debug/PlannerApp.app/Contents/MacOS/__preview.dylib (in target 'PlannerApp' from project 'PlannerApp')
    cd /Users/danielstevens/Desktop/github-projects/tools-automation/PlannerApp
    
    Signing Identity:     "Apple Development: dboone9@msn.com (72RDLR687H)"
    
    /usr/bin/codesign --force --sign C8FE4D15A7DE881CE3CCAEC52B7CC5E2DC30C6C1 -o runtime --timestamp\=none --generate-entitlement-der /Users/danielstevens/Library/Developer/Xcode/DerivedData/PlannerApp-dhlbsiwrfghgbvcdotpxyeurydso/Build/Products/Debug/PlannerApp.app/Contents/MacOS/__preview.dylib
/Users/danielstevens/Library/Developer/Xcode/DerivedData/PlannerApp-dhlbsiwrfghgbvcdotpxyeurydso/Build/Products/Debug/PlannerApp.app/Contents/MacOS/__preview.dylib: replacing existing signature

CodeSign /Users/danielstevens/Library/Developer/Xcode/DerivedData/PlannerApp-dhlbsiwrfghgbvcdotpxyeurydso/Build/Products/Debug/PlannerApp.app (in target 'PlannerApp' from project 'PlannerApp')
    cd /Users/danielstevens/Desktop/github-projects/tools-automation/PlannerApp
    
    Signing Identity:     "Apple Development: dboone9@msn.com (72RDLR687H)"
    
    /usr/bin/codesign --force --sign C8FE4D15A7DE881CE3CCAEC52B7CC5E2DC30C6C1 -o runtime --entitlements /Users/danielstevens/Library/Developer/Xcode/DerivedData/PlannerApp-dhlbsiwrfghgbvcdotpxyeurydso/Build/Intermediates.noindex/PlannerApp.build/Debug/PlannerApp.build/PlannerApp.app.xcent --timestamp\=none --generate-entitlement-der /Users/danielstevens/Library/Developer/Xcode/DerivedData/PlannerApp-dhlbsiwrfghgbvcdotpxyeurydso/Build/Products/Debug/PlannerApp.app
/Users/danielstevens/Library/Developer/Xcode/DerivedData/PlannerApp-dhlbsiwrfghgbvcdotpxyeurydso/Build/Products/Debug/PlannerApp.app: replacing existing signature

Validate /Users/danielstevens/Library/Developer/Xcode/DerivedData/PlannerApp-dhlbsiwrfghgbvcdotpxyeurydso/Build/Products/Debug/PlannerApp.app (in target 'PlannerApp' from project 'PlannerApp')
    cd /Users/danielstevens/Desktop/github-projects/tools-automation/PlannerApp
    builtin-validationUtility /Users/danielstevens/Library/Developer/Xcode/DerivedData/PlannerApp-dhlbsiwrfghgbvcdotpxyeurydso/Build/Products/Debug/PlannerApp.app -no-validate-extension -infoplist-subpath Contents/Info.plist

RegisterWithLaunchServices /Users/danielstevens/Library/Developer/Xcode/DerivedData/PlannerApp-dhlbsiwrfghgbvcdotpxyeurydso/Build/Products/Debug/PlannerApp.app (in target 'PlannerApp' from project 'PlannerApp')
    cd /Users/danielstevens/Desktop/github-projects/tools-automation/PlannerApp
    /System/Library/Frameworks/CoreServices.framework/Versions/Current/Frameworks/LaunchServices.framework/Versions/Current/Support/lsregister -f -R -trusted /Users/danielstevens/Library/Developer/Xcode/DerivedData/PlannerApp-dhlbsiwrfghgbvcdotpxyeurydso/Build/Products/Debug/PlannerApp.app

ProcessInfoPlistFile /Users/danielstevens/Library/Developer/Xcode/DerivedData/PlannerApp-dhlbsiwrfghgbvcdotpxyeurydso/Build/Products/Debug/PlannerAppUITests-Runner.app/Contents/PlugIns/PlannerAppUITests.xctest/Contents/Info.plist /Users/danielstevens/Library/Developer/Xcode/DerivedData/PlannerApp-dhlbsiwrfghgbvcdotpxyeurydso/Build/Intermediates.noindex/PlannerApp.build/Debug/PlannerAppUITests.build/empty-PlannerAppUITests.plist (in target 'PlannerAppUITests' from project 'PlannerApp')
    cd /Users/danielstevens/Desktop/github-projects/tools-automation/PlannerApp
    builtin-infoPlistUtility /Users/danielstevens/Library/Developer/Xcode/DerivedData/PlannerApp-dhlbsiwrfghgbvcdotpxyeurydso/Build/Intermediates.noindex/PlannerApp.build/Debug/PlannerAppUITests.build/empty-PlannerAppUITests.plist -producttype com.apple.product-type.bundle.ui-testing -expandbuildsettings -platform macosx -additionalcontentfile /Users/danielstevens/Library/Developer/Xcode/DerivedData/PlannerApp-dhlbsiwrfghgbvcdotpxyeurydso/Build/Intermediates.noindex/PlannerApp.build/Debug/PlannerAppUITests.build/ProductTypeInfoPlistAdditions.plist -o /Users/danielstevens/Library/Developer/Xcode/DerivedData/PlannerApp-dhlbsiwrfghgbvcdotpxyeurydso/Build/Products/Debug/PlannerAppUITests-Runner.app/Contents/PlugIns/PlannerAppUITests.xctest/Contents/Info.plist

CopySwiftLibs /Users/danielstevens/Library/Developer/Xcode/DerivedData/PlannerApp-dhlbsiwrfghgbvcdotpxyeurydso/Build/Products/Debug/PlannerAppUITests-Runner.app/Contents/PlugIns/PlannerAppUITests.xctest (in target 'PlannerAppUITests' from project 'PlannerApp')
    cd /Users/danielstevens/Desktop/github-projects/tools-automation/PlannerApp
    builtin-swiftStdLibTool --copy --verbose --sign C8FE4D15A7DE881CE3CCAEC52B7CC5E2DC30C6C1 --scan-executable /Users/danielstevens/Library/Developer/Xcode/DerivedData/PlannerApp-dhlbsiwrfghgbvcdotpxyeurydso/Build/Products/Debug/PlannerAppUITests-Runner.app/Contents/PlugIns/PlannerAppUITests.xctest/Contents/MacOS/PlannerAppUITests --scan-folder /Users/danielstevens/Library/Developer/Xcode/DerivedData/PlannerApp-dhlbsiwrfghgbvcdotpxyeurydso/Build/Products/Debug/PlannerAppUITests-Runner.app/Contents/PlugIns/PlannerAppUITests.xctest/Contents/Frameworks --scan-folder /Users/danielstevens/Library/Developer/Xcode/DerivedData/PlannerApp-dhlbsiwrfghgbvcdotpxyeurydso/Build/Products/Debug/PlannerAppUITests-Runner.app/Contents/PlugIns/PlannerAppUITests.xctest/Contents/PlugIns --scan-folder /Users/danielstevens/Library/Developer/Xcode/DerivedData/PlannerApp-dhlbsiwrfghgbvcdotpxyeurydso/Build/Products/Debug/PlannerAppUITests-Runner.app/Contents/PlugIns/PlannerAppUITests.xctest/Contents/Library/SystemExtensions --scan-folder /Users/danielstevens/Library/Developer/Xcode/DerivedData/PlannerApp-dhlbsiwrfghgbvcdotpxyeurydso/Build/Products/Debug/PlannerAppUITests-Runner.app/Contents/PlugIns/PlannerAppUITests.xctest/Contents/Extensions --platform macosx --toolchain /Applications/Xcode-beta.app/Contents/Developer/Toolchains/XcodeDefault.xctoolchain --destination /Users/danielstevens/Library/Developer/Xcode/DerivedData/PlannerApp-dhlbsiwrfghgbvcdotpxyeurydso/Build/Products/Debug/PlannerAppUITests-Runner.app/Contents/PlugIns/PlannerAppUITests.xctest/Contents/Frameworks --strip-bitcode --scan-executable /Applications/Xcode-beta.app/Contents/Developer/Platforms/MacOSX.platform/Developer/usr/lib/libXCTestSwiftSupport.dylib --strip-bitcode-tool /Applications/Xcode-beta.app/Contents/Developer/Toolchains/XcodeDefault.xctoolchain/usr/bin/bitcode_strip --emit-dependency-info /Users/danielstevens/Library/Developer/Xcode/DerivedData/PlannerApp-dhlbsiwrfghgbvcdotpxyeurydso/Build/Intermediates.noindex/PlannerApp.build/Debug/PlannerAppUITests.build/SwiftStdLibToolInputDependencies.dep --filter-for-swift-os

App starting. Initial tab set to: Dashboard
ThemeManager initialized. Current theme loaded: Default
2025-12-02 14:24:58.966886-0600 PlannerApp[2552:3002281] ApplePersistenceIgnoreState: Existing state will not be touched. New state will be written to /Users/danielstevens/Library/Containers/com.DanielStevens.PlannerApp/Data/tmp/com.DanielStevens.PlannerApp.savedState
Fetching dashboard data...
Dashboard data fetched. Limit: 3. Today: 0, Tasks: 0, Goals: 0
Dashboard refresh completed
Test Suite 'Selected tests' started at 2025-12-02 14:24:59.634.
Test Suite 'PlannerAppTests.xctest' started at 2025-12-02 14:24:59.634.
Test Suite 'TaskDataManagerTests' started at 2025-12-02 14:24:59.635.
Test Case '-[PlannerAppTests.TaskDataManagerTests testGetTaskStatistics]' started.
DEBUG STATS: ["overdue": 2, "incomplete": 3, "dueToday": 1, "completed": 1, "total": 4]
DEBUG TASKS: ["Complete: nil, completed: true", "Incomplete: nil, completed: false", "Overdue: Optional(2025-12-01 20:24:59 +0000), completed: false", "Due Today: Optional(2025-12-02 20:00:00 +0000), completed: false"]
/Users/danielstevens/Desktop/github-projects/tools-automation/PlannerApp/PlannerAppTests/TaskDataManagerTests.swift:241: error: -[PlannerAppTests.TaskDataManagerTests testGetTaskStatistics] : XCTAssertEqual failed: ("Optional(2)") is not equal to ("Optional(1)")
Test Case '-[PlannerAppTests.TaskDataManagerTests testGetTaskStatistics]' failed (0.721 seconds).
Test Suite 'TaskDataManagerTests' failed at 2025-12-02 14:25:00.356.
	 Executed 1 test, with 1 failure (0 unexpected) in 0.721 (0.722) seconds
Test Suite 'PlannerAppTests.xctest' failed at 2025-12-02 14:25:00.356.
	 Executed 1 test, with 1 failure (0 unexpected) in 0.721 (0.722) seconds
Test Suite 'Selected tests' failed at 2025-12-02 14:25:00.357.
	 Executed 1 test, with 1 failure (0 unexpected) in 0.721 (0.722) seconds
2025-12-02 14:25:06.265 xcodebuild[2143:3000820] [MT] IDETestOperationsObserverDebug: 8.467 elapsed -- Testing started completed.
2025-12-02 14:25:06.265 xcodebuild[2143:3000820] [MT] IDETestOperationsObserverDebug: 0.000 sec, +0.000 sec -- start
2025-12-02 14:25:06.265 xcodebuild[2143:3000820] [MT] IDETestOperationsObserverDebug: 8.467 sec, +8.467 sec -- end

Test session results, code coverage, and logs:
	/Users/danielstevens/Library/Developer/Xcode/DerivedData/PlannerApp-dhlbsiwrfghgbvcdotpxyeurydso/Logs/Test/Test-PlannerApp-2025.12.02_14-24-51--0600.xcresult

** TEST FAILED **

Testing started
